{"/home/adwaith/Desktop/Learning/unit-testing/src/App.jsx": {"path":"/home/adwaith/Desktop/Learning/unit-testing/src/App.jsx","all":false,"statementMap":{"0":{"start":{"line":1,"column":0},"end":{"line":1,"column":18}},"1":{"start":{"line":2,"column":0},"end":{"line":2,"column":32}},"2":{"start":{"line":3,"column":0},"end":{"line":3,"column":0}},"3":{"start":{"line":4,"column":0},"end":{"line":4,"column":16}},"4":{"start":{"line":5,"column":0},"end":{"line":5,"column":37}},"5":{"start":{"line":6,"column":0},"end":{"line":6,"column":10}},"6":{"start":{"line":7,"column":0},"end":{"line":7,"column":6}},"7":{"start":{"line":8,"column":0},"end":{"line":8,"column":21}},"8":{"start":{"line":9,"column":0},"end":{"line":9,"column":21}},"9":{"start":{"line":10,"column":0},"end":{"line":10,"column":39}},"10":{"start":{"line":11,"column":0},"end":{"line":11,"column":0}},"11":{"start":{"line":12,"column":0},"end":{"line":12,"column":35}},"12":{"start":{"line":13,"column":0},"end":{"line":13,"column":26}},"13":{"start":{"line":14,"column":0},"end":{"line":14,"column":71}},"14":{"start":{"line":15,"column":0},"end":{"line":15,"column":7}},"15":{"start":{"line":16,"column":0},"end":{"line":16,"column":3}},"16":{"start":{"line":17,"column":0},"end":{"line":17,"column":1}},"17":{"start":{"line":18,"column":0},"end":{"line":18,"column":0}},"18":{"start":{"line":19,"column":0},"end":{"line":19,"column":18}}},"s":{"0":1,"1":1,"2":1,"3":2,"4":2,"5":2,"6":2,"7":2,"8":2,"9":2,"10":2,"11":2,"12":2,"13":2,"14":2,"15":2,"16":2,"17":1,"18":1},"branchMap":{"0":{"type":"branch","line":4,"loc":{"start":{"line":4,"column":0},"end":{"line":17,"column":1}},"locations":[{"start":{"line":4,"column":0},"end":{"line":17,"column":1}}]},"1":{"type":"branch","line":14,"loc":{"start":{"line":14,"column":22},"end":{"line":14,"column":56}},"locations":[{"start":{"line":14,"column":22},"end":{"line":14,"column":56}}]},"2":{"type":"branch","line":14,"loc":{"start":{"line":14,"column":37},"end":{"line":14,"column":53}},"locations":[{"start":{"line":14,"column":37},"end":{"line":14,"column":53}}]}},"b":{"0":[2],"1":[1],"2":[1]},"fnMap":{"0":{"name":"App","decl":{"start":{"line":4,"column":0},"end":{"line":17,"column":1}},"loc":{"start":{"line":4,"column":0},"end":{"line":17,"column":1}},"line":4},"1":{"name":"onClick","decl":{"start":{"line":14,"column":22},"end":{"line":14,"column":56}},"loc":{"start":{"line":14,"column":22},"end":{"line":14,"column":56}},"line":14}},"f":{"0":2,"1":1}}
,"/home/adwaith/Desktop/Learning/unit-testing/src/main.jsx": {"path":"/home/adwaith/Desktop/Learning/unit-testing/src/main.jsx","all":true,"statementMap":{"0":{"start":{"line":1,"column":0},"end":{"line":1,"column":25}},"1":{"start":{"line":2,"column":0},"end":{"line":2,"column":39}},"2":{"start":{"line":3,"column":0},"end":{"line":3,"column":27}},"3":{"start":{"line":4,"column":0},"end":{"line":4,"column":20}},"4":{"start":{"line":5,"column":0},"end":{"line":5,"column":0}},"5":{"start":{"line":6,"column":0},"end":{"line":6,"column":60}},"6":{"start":{"line":7,"column":0},"end":{"line":7,"column":20}},"7":{"start":{"line":8,"column":0},"end":{"line":8,"column":11}},"8":{"start":{"line":9,"column":0},"end":{"line":9,"column":22}},"9":{"start":{"line":10,"column":0},"end":{"line":10,"column":1}}},"s":{"0":0,"1":0,"2":0,"3":0,"4":0,"5":0,"6":0,"7":0,"8":0,"9":0},"branchMap":{"0":{"type":"branch","line":1,"loc":{"start":{"line":1,"column":0},"end":{"line":10,"column":1}},"locations":[{"start":{"line":1,"column":0},"end":{"line":10,"column":1}}]}},"b":{"0":[0]},"fnMap":{"0":{"name":"(empty-report)","decl":{"start":{"line":1,"column":0},"end":{"line":10,"column":1}},"loc":{"start":{"line":1,"column":0},"end":{"line":10,"column":1}},"line":1}},"f":{"0":0}}
,"/home/adwaith/Desktop/Learning/unit-testing/src/components/Button.jsx": {"path":"/home/adwaith/Desktop/Learning/unit-testing/src/components/Button.jsx","all":false,"statementMap":{"0":{"start":{"line":1,"column":0},"end":{"line":1,"column":44}},"1":{"start":{"line":2,"column":0},"end":{"line":2,"column":37}},"2":{"start":{"line":3,"column":0},"end":{"line":3,"column":46}},"3":{"start":{"line":4,"column":0},"end":{"line":4,"column":2}},"4":{"start":{"line":5,"column":0},"end":{"line":5,"column":0}},"5":{"start":{"line":6,"column":0},"end":{"line":6,"column":22}}},"s":{"0":1,"1":1,"2":1,"3":1,"4":1,"5":1},"branchMap":{"0":{"type":"branch","line":2,"loc":{"start":{"line":2,"column":15},"end":{"line":4,"column":2}},"locations":[{"start":{"line":2,"column":15},"end":{"line":4,"column":2}}]}},"b":{"0":[1]},"fnMap":{"0":{"name":"Button","decl":{"start":{"line":2,"column":15},"end":{"line":4,"column":2}},"loc":{"start":{"line":2,"column":15},"end":{"line":4,"column":2}},"line":2}},"f":{"0":1}}
,"/home/adwaith/Desktop/Learning/unit-testing/src/hooks/useCounter.js": {"path":"/home/adwaith/Desktop/Learning/unit-testing/src/hooks/useCounter.js","all":false,"statementMap":{"0":{"start":{"line":1,"column":0},"end":{"line":1,"column":67}},"1":{"start":{"line":2,"column":0},"end":{"line":2,"column":0}},"2":{"start":{"line":3,"column":0},"end":{"line":3,"column":49}},"3":{"start":{"line":4,"column":0},"end":{"line":4,"column":53}},"4":{"start":{"line":5,"column":0},"end":{"line":5,"column":0}},"5":{"start":{"line":6,"column":0},"end":{"line":6,"column":31}},"6":{"start":{"line":7,"column":0},"end":{"line":7,"column":35}},"7":{"start":{"line":8,"column":0},"end":{"line":8,"column":5}},"8":{"start":{"line":9,"column":0},"end":{"line":9,"column":0}},"9":{"start":{"line":10,"column":0},"end":{"line":10,"column":31}},"10":{"start":{"line":11,"column":0},"end":{"line":11,"column":35}},"11":{"start":{"line":12,"column":0},"end":{"line":12,"column":5}},"12":{"start":{"line":13,"column":0},"end":{"line":13,"column":0}},"13":{"start":{"line":14,"column":0},"end":{"line":14,"column":12}},"14":{"start":{"line":15,"column":0},"end":{"line":15,"column":14}},"15":{"start":{"line":16,"column":0},"end":{"line":16,"column":20}},"16":{"start":{"line":17,"column":0},"end":{"line":17,"column":19}},"17":{"start":{"line":18,"column":0},"end":{"line":18,"column":5}},"18":{"start":{"line":19,"column":0},"end":{"line":19,"column":1}}},"s":{"0":1,"1":1,"2":1,"3":6,"4":6,"5":6,"6":1,"7":1,"8":6,"9":6,"10":1,"11":1,"12":6,"13":6,"14":6,"15":6,"16":6,"17":6,"18":6},"branchMap":{"0":{"type":"branch","line":3,"loc":{"start":{"line":3,"column":26},"end":{"line":19,"column":1}},"locations":[{"start":{"line":3,"column":26},"end":{"line":19,"column":1}}]},"1":{"type":"branch","line":6,"loc":{"start":{"line":6,"column":24},"end":{"line":8,"column":5}},"locations":[{"start":{"line":6,"column":24},"end":{"line":8,"column":5}}]},"2":{"type":"branch","line":7,"loc":{"start":{"line":7,"column":17},"end":{"line":7,"column":33}},"locations":[{"start":{"line":7,"column":17},"end":{"line":7,"column":33}}]},"3":{"type":"branch","line":10,"loc":{"start":{"line":10,"column":24},"end":{"line":12,"column":5}},"locations":[{"start":{"line":10,"column":24},"end":{"line":12,"column":5}}]},"4":{"type":"branch","line":11,"loc":{"start":{"line":11,"column":17},"end":{"line":11,"column":33}},"locations":[{"start":{"line":11,"column":17},"end":{"line":11,"column":33}}]}},"b":{"0":[6],"1":[1],"2":[1],"3":[1],"4":[1]},"fnMap":{"0":{"name":"useCounter","decl":{"start":{"line":3,"column":26},"end":{"line":19,"column":1}},"loc":{"start":{"line":3,"column":26},"end":{"line":19,"column":1}},"line":3},"1":{"name":"onIncrement","decl":{"start":{"line":6,"column":24},"end":{"line":8,"column":5}},"loc":{"start":{"line":6,"column":24},"end":{"line":8,"column":5}},"line":6},"2":{"name":"onDecrement","decl":{"start":{"line":10,"column":24},"end":{"line":12,"column":5}},"loc":{"start":{"line":10,"column":24},"end":{"line":12,"column":5}},"line":10}},"f":{"0":6,"1":1,"2":1}}
,"/home/adwaith/Desktop/Learning/unit-testing/src/utils/helper.js": {"path":"/home/adwaith/Desktop/Learning/unit-testing/src/utils/helper.js","all":false,"statementMap":{"0":{"start":{"line":1,"column":0},"end":{"line":1,"column":60}},"1":{"start":{"line":2,"column":0},"end":{"line":2,"column":0}},"2":{"start":{"line":3,"column":0},"end":{"line":3,"column":36}},"3":{"start":{"line":4,"column":0},"end":{"line":4,"column":69}},"4":{"start":{"line":5,"column":0},"end":{"line":5,"column":21}},"5":{"start":{"line":6,"column":0},"end":{"line":6,"column":2}},"6":{"start":{"line":7,"column":0},"end":{"line":7,"column":0}},"7":{"start":{"line":8,"column":0},"end":{"line":8,"column":39}},"8":{"start":{"line":9,"column":0},"end":{"line":9,"column":44}},"9":{"start":{"line":10,"column":0},"end":{"line":10,"column":1}},"10":{"start":{"line":11,"column":0},"end":{"line":11,"column":0}},"11":{"start":{"line":12,"column":0},"end":{"line":12,"column":46}},"12":{"start":{"line":13,"column":0},"end":{"line":13,"column":0}},"13":{"start":{"line":14,"column":0},"end":{"line":14,"column":70}},"14":{"start":{"line":15,"column":0},"end":{"line":15,"column":0}},"15":{"start":{"line":16,"column":0},"end":{"line":16,"column":24}},"16":{"start":{"line":17,"column":0},"end":{"line":17,"column":17}},"17":{"start":{"line":18,"column":0},"end":{"line":18,"column":12}},"18":{"start":{"line":19,"column":0},"end":{"line":19,"column":1}},"19":{"start":{"line":20,"column":0},"end":{"line":20,"column":0}},"20":{"start":{"line":21,"column":0},"end":{"line":21,"column":38}},"21":{"start":{"line":22,"column":0},"end":{"line":22,"column":75}},"22":{"start":{"line":23,"column":0},"end":{"line":23,"column":19}},"23":{"start":{"line":24,"column":0},"end":{"line":24,"column":1}},"24":{"start":{"line":25,"column":0},"end":{"line":25,"column":0}},"25":{"start":{"line":26,"column":0},"end":{"line":26,"column":57}},"26":{"start":{"line":27,"column":0},"end":{"line":27,"column":46}},"27":{"start":{"line":28,"column":0},"end":{"line":28,"column":45}},"28":{"start":{"line":29,"column":0},"end":{"line":29,"column":1}}},"s":{"0":1,"1":1,"2":1,"3":3,"4":2,"5":2,"6":1,"7":1,"8":1,"9":1,"10":1,"11":1,"12":1,"13":1,"14":1,"15":1,"16":1,"17":1,"18":1,"19":1,"20":1,"21":1,"22":1,"23":1,"24":1,"25":1,"26":2,"27":1,"28":1},"branchMap":{"0":{"type":"branch","line":3,"loc":{"start":{"line":3,"column":19},"end":{"line":6,"column":2}},"locations":[{"start":{"line":3,"column":19},"end":{"line":6,"column":2}}]},"1":{"type":"branch","line":4,"loc":{"start":{"line":4,"column":31},"end":{"line":4,"column":58}},"locations":[{"start":{"line":4,"column":31},"end":{"line":4,"column":58}}]},"2":{"type":"branch","line":4,"loc":{"start":{"line":4,"column":60},"end":{"line":4,"column":69}},"locations":[{"start":{"line":4,"column":60},"end":{"line":4,"column":69}}]},"3":{"type":"branch","line":5,"loc":{"start":{"line":5,"column":-1},"end":{"line":6,"column":2}},"locations":[{"start":{"line":5,"column":-1},"end":{"line":6,"column":2}}]},"4":{"type":"branch","line":8,"loc":{"start":{"line":8,"column":29},"end":{"line":10,"column":1}},"locations":[{"start":{"line":8,"column":29},"end":{"line":10,"column":1}}]},"5":{"type":"branch","line":21,"loc":{"start":{"line":21,"column":25},"end":{"line":24,"column":1}},"locations":[{"start":{"line":21,"column":25},"end":{"line":24,"column":1}}]},"6":{"type":"branch","line":26,"loc":{"start":{"line":26,"column":32},"end":{"line":29,"column":1}},"locations":[{"start":{"line":26,"column":32},"end":{"line":29,"column":1}}]},"7":{"type":"branch","line":27,"loc":{"start":{"line":27,"column":19},"end":{"line":29,"column":1}},"locations":[{"start":{"line":27,"column":19},"end":{"line":29,"column":1}}]}},"b":{"0":[3],"1":[2],"2":[1],"3":[2],"4":[1],"5":[1],"6":[2],"7":[1]},"fnMap":{"0":{"name":"add","decl":{"start":{"line":3,"column":19},"end":{"line":6,"column":2}},"loc":{"start":{"line":3,"column":19},"end":{"line":6,"column":2}},"line":3},"1":{"name":"reverseString","decl":{"start":{"line":8,"column":29},"end":{"line":10,"column":1}},"loc":{"start":{"line":8,"column":29},"end":{"line":10,"column":1}},"line":8},"2":{"name":"firstUser","decl":{"start":{"line":21,"column":25},"end":{"line":24,"column":1}},"loc":{"start":{"line":21,"column":25},"end":{"line":24,"column":1}},"line":21},"3":{"name":"isAuthenticated","decl":{"start":{"line":26,"column":32},"end":{"line":29,"column":1}},"loc":{"start":{"line":26,"column":32},"end":{"line":29,"column":1}},"line":26}},"f":{"0":3,"1":1,"2":1,"3":2}}
}
